{"/Users/BenRombaut/dev/article_scraper/src/RequestMaker.ts": {"path":"/Users/BenRombaut/dev/article_scraper/src/RequestMaker.ts","statementMap":{"0":{"start":{"line":1,"column":0},"end":{"line":1,"column":26}},"1":{"start":{"line":3,"column":0},"end":{"line":3,"column":null}},"2":{"start":{"line":5,"column":24},"end":{"line":5,"column":36}},"3":{"start":{"line":4,"column":12},"end":{"line":4,"column":31}},"4":{"start":{"line":8,"column":0},"end":{"line":8,"column":null}},"5":{"start":{"line":52,"column":8},"end":{"line":52,"column":20}},"6":{"start":{"line":10,"column":0},"end":{"line":10,"column":null}},"7":{"start":{"line":10,"column":32},"end":{"line":10,"column":44}},"8":{"start":{"line":11,"column":8},"end":{"line":14,"column":null}},"9":{"start":{"line":12,"column":21},"end":{"line":12,"column":null}},"10":{"start":{"line":12,"column":10},"end":{"line":12,"column":null}},"11":{"start":{"line":13,"column":4},"end":{"line":13,"column":31}},"12":{"start":{"line":15,"column":2},"end":{"line":17,"column":null}},"13":{"start":{"line":16,"column":4},"end":{"line":16,"column":22}},"14":{"start":{"line":18,"column":0},"end":{"line":18,"column":null}},"15":{"start":{"line":52,"column":22},"end":{"line":52,"column":39}},"16":{"start":{"line":20,"column":0},"end":{"line":20,"column":null}},"17":{"start":{"line":20,"column":36},"end":{"line":20,"column":48}},"18":{"start":{"line":43,"column":4},"end":{"line":43,"column":null}},"19":{"start":{"line":21,"column":12},"end":{"line":41,"column":null}},"20":{"start":{"line":45,"column":8},"end":{"line":46,"column":null}},"21":{"start":{"line":47,"column":2},"end":{"line":49,"column":null}},"22":{"start":{"line":48,"column":4},"end":{"line":48,"column":22}},"23":{"start":{"line":50,"column":0},"end":{"line":50,"column":null}},"24":{"start":{"line":52,"column":41},"end":{"line":52,"column":62}}},"fnMap":{"0":{"name":"(anonymous_20)","decl":{"start":{"line":3,"column":0},"end":{"line":3,"column":null}},"loc":{"start":{"line":3,"column":0},"end":{"line":8,"column":null}}},"1":{"name":"RequestMaker","decl":{"start":{"line":5,"column":2},"end":{"line":5,"column":24}},"loc":{"start":{"line":5,"column":36},"end":{"line":5,"column":41}}},"2":{"name":"(anonymous_22)","decl":{"start":{"line":10,"column":0},"end":{"line":10,"column":32}},"loc":{"start":{"line":10,"column":0},"end":{"line":18,"column":null}}},"3":{"name":"(anonymous_24)","decl":{"start":{"line":11,"column":2},"end":{"line":11,"column":8}},"loc":{"start":{"line":11,"column":2},"end":{"line":14,"column":null}}},"4":{"name":"(anonymous_27)","decl":{"start":{"line":15,"column":2},"end":{"line":15,"column":13}},"loc":{"start":{"line":15,"column":2},"end":{"line":17,"column":3}}},"5":{"name":"(anonymous_28)","decl":{"start":{"line":20,"column":0},"end":{"line":20,"column":36}},"loc":{"start":{"line":20,"column":0},"end":{"line":50,"column":null}}},"6":{"name":"RequestMakerHardCoded","decl":{"start":{"line":42,"column":2},"end":{"line":42,"column":null}},"loc":{"start":{"line":42,"column":2},"end":{"line":44,"column":3}}},"7":{"name":"(anonymous_30)","decl":{"start":{"line":45,"column":2},"end":{"line":45,"column":8}},"loc":{"start":{"line":45,"column":2},"end":{"line":46,"column":null}}},"8":{"name":"(anonymous_33)","decl":{"start":{"line":47,"column":2},"end":{"line":47,"column":13}},"loc":{"start":{"line":47,"column":2},"end":{"line":49,"column":3}}}},"branchMap":{"0":{"loc":{"start":{"line":12,"column":21},"end":{"line":12,"column":null}},"type":"switch","locations":[{"start":{"line":12,"column":21},"end":{"line":12,"column":null}}]},"1":{"loc":{"start":{"line":43,"column":4},"end":{"line":43,"column":13}},"type":"binary-expr","locations":[{"start":{"line":43,"column":4},"end":{"line":43,"column":13}},{"start":{"line":43,"column":13},"end":{"line":43,"column":null}}]}},"s":{"0":2,"1":2,"2":6,"3":6,"4":2,"5":2,"6":2,"7":2,"8":2,"9":4,"10":4,"11":4,"12":2,"13":6,"14":2,"15":2,"16":2,"17":2,"18":2,"19":2,"20":2,"21":2,"22":2,"23":2,"24":2},"f":{"0":2,"1":6,"2":6,"3":4,"4":6,"5":2,"6":2,"7":2,"8":2},"b":{"0":[4],"1":[2,2]}}
,"/Users/BenRombaut/dev/article_scraper/src/ScrappedArticleData.ts": {"path":"/Users/BenRombaut/dev/article_scraper/src/ScrappedArticleData.ts","statementMap":{"0":{"start":{"line":9,"column":0},"end":{"line":9,"column":null}},"1":{"start":{"line":17,"column":4},"end":{"line":17,"column":20}},"2":{"start":{"line":18,"column":4},"end":{"line":18,"column":24}},"3":{"start":{"line":19,"column":4},"end":{"line":19,"column":19}},"4":{"start":{"line":20,"column":4},"end":{"line":20,"column":19}},"5":{"start":{"line":21,"column":4},"end":{"line":21,"column":21}},"6":{"start":{"line":24,"column":9},"end":{"line":26,"column":null}},"7":{"start":{"line":25,"column":4},"end":{"line":25,"column":34}},"8":{"start":{"line":28,"column":9},"end":{"line":30,"column":null}},"9":{"start":{"line":29,"column":4},"end":{"line":29,"column":24}},"10":{"start":{"line":31,"column":0},"end":{"line":31,"column":2}},"11":{"start":{"line":33,"column":14},"end":{"line":33,"column":33}}},"fnMap":{"0":{"name":"(anonymous_0)","decl":{"start":{"line":9,"column":0},"end":{"line":9,"column":null}},"loc":{"start":{"line":9,"column":0},"end":{"line":31,"column":1}}},"1":{"name":"ScrappedArticleData","decl":{"start":{"line":16,"column":2},"end":{"line":16,"column":14}},"loc":{"start":{"line":16,"column":25},"end":{"line":22,"column":3}}},"2":{"name":"(anonymous_2)","decl":{"start":{"line":24,"column":2},"end":{"line":24,"column":9}},"loc":{"start":{"line":24,"column":2},"end":{"line":26,"column":3}}},"3":{"name":"(anonymous_3)","decl":{"start":{"line":28,"column":2},"end":{"line":28,"column":9}},"loc":{"start":{"line":28,"column":27},"end":{"line":30,"column":3}}}},"branchMap":{},"s":{"0":1,"1":2,"2":2,"3":2,"4":2,"5":2,"6":1,"7":3,"8":1,"9":2,"10":1,"11":1},"f":{"0":1,"1":2,"2":3,"3":2},"b":{}}
,"/Users/BenRombaut/dev/article_scraper/src/SiteScrapper.ts": {"path":"/Users/BenRombaut/dev/article_scraper/src/SiteScrapper.ts","statementMap":{"0":{"start":{"line":2,"column":0},"end":{"line":2,"column":59}},"1":{"start":{"line":3,"column":0},"end":{"line":3,"column":54}},"2":{"start":{"line":6,"column":0},"end":{"line":6,"column":null}},"3":{"start":{"line":10,"column":4},"end":{"line":10,"column":53}},"4":{"start":{"line":11,"column":4},"end":{"line":11,"column":38}},"5":{"start":{"line":14,"column":15},"end":{"line":19,"column":null}},"6":{"start":{"line":15,"column":4},"end":{"line":15,"column":32}},"7":{"start":{"line":16,"column":4},"end":{"line":16,"column":23}},"8":{"start":{"line":17,"column":4},"end":{"line":17,"column":28}},"9":{"start":{"line":21,"column":9},"end":{"line":23,"column":null}},"10":{"start":{"line":22,"column":4},"end":{"line":22,"column":29}},"11":{"start":{"line":25,"column":18},"end":{"line":27,"column":null}},"12":{"start":{"line":26,"column":4},"end":{"line":26,"column":35}},"13":{"start":{"line":29,"column":12},"end":{"line":36,"column":null}},"14":{"start":{"line":30,"column":23},"end":{"line":30,"column":62}},"15":{"start":{"line":31,"column":19},"end":{"line":31,"column":50}},"16":{"start":{"line":32,"column":4},"end":{"line":34,"column":null}},"17":{"start":{"line":33,"column":6},"end":{"line":33,"column":65}},"18":{"start":{"line":35,"column":4},"end":{"line":35,"column":18}},"19":{"start":{"line":38,"column":12},"end":{"line":45,"column":null}},"20":{"start":{"line":39,"column":23},"end":{"line":39,"column":62}},"21":{"start":{"line":40,"column":19},"end":{"line":40,"column":53}},"22":{"start":{"line":41,"column":4},"end":{"line":43,"column":null}},"23":{"start":{"line":42,"column":6},"end":{"line":42,"column":70}},"24":{"start":{"line":44,"column":4},"end":{"line":44,"column":18}},"25":{"start":{"line":50,"column":0},"end":{"line":50,"column":null}},"26":{"start":{"line":52,"column":8},"end":{"line":52,"column":20}}},"fnMap":{"0":{"name":"(anonymous_13)","decl":{"start":{"line":6,"column":0},"end":{"line":6,"column":null}},"loc":{"start":{"line":6,"column":0},"end":{"line":50,"column":null}}},"1":{"name":"SiteScrapper","decl":{"start":{"line":9,"column":2},"end":{"line":9,"column":14}},"loc":{"start":{"line":9,"column":53},"end":{"line":12,"column":3}}},"2":{"name":"(anonymous_15)","decl":{"start":{"line":14,"column":2},"end":{"line":14,"column":15}},"loc":{"start":{"line":14,"column":2},"end":{"line":19,"column":null}}},"3":{"name":"(anonymous_18)","decl":{"start":{"line":21,"column":2},"end":{"line":21,"column":9}},"loc":{"start":{"line":21,"column":2},"end":{"line":23,"column":3}}},"4":{"name":"(anonymous_19)","decl":{"start":{"line":25,"column":2},"end":{"line":25,"column":18}},"loc":{"start":{"line":25,"column":2},"end":{"line":27,"column":null}}},"5":{"name":"(anonymous_22)","decl":{"start":{"line":29,"column":2},"end":{"line":29,"column":12}},"loc":{"start":{"line":29,"column":42},"end":{"line":36,"column":3}}},"6":{"name":"(anonymous_23)","decl":{"start":{"line":38,"column":2},"end":{"line":38,"column":12}},"loc":{"start":{"line":38,"column":45},"end":{"line":45,"column":3}}}},"branchMap":{"0":{"loc":{"start":{"line":15,"column":4},"end":{"line":15,"column":32}},"type":"switch","locations":[{"start":{"line":15,"column":4},"end":{"line":15,"column":32}}]},"1":{"loc":{"start":{"line":26,"column":4},"end":{"line":26,"column":35}},"type":"switch","locations":[{"start":{"line":26,"column":4},"end":{"line":26,"column":35}}]},"2":{"loc":{"start":{"line":32,"column":4},"end":{"line":34,"column":null}},"type":"if","locations":[{"start":{"line":32,"column":4},"end":{"line":34,"column":null}},{"start":{"line":32,"column":4},"end":{"line":34,"column":null}}]},"3":{"loc":{"start":{"line":41,"column":4},"end":{"line":43,"column":null}},"type":"if","locations":[{"start":{"line":41,"column":4},"end":{"line":43,"column":null}},{"start":{"line":41,"column":4},"end":{"line":43,"column":null}}]}},"s":{"0":1,"1":1,"2":1,"3":2,"4":2,"5":1,"6":4,"7":2,"8":2,"9":1,"10":5,"11":1,"12":4,"13":1,"14":2,"15":2,"16":2,"17":1,"18":1,"19":1,"20":2,"21":2,"22":2,"23":0,"24":2,"25":1,"26":1},"f":{"0":1,"1":2,"2":2,"3":5,"4":2,"5":2,"6":2},"b":{"0":[2],"1":[2],"2":[1,1],"3":[0,2]}}
,"/Users/BenRombaut/dev/article_scraper/src/SiteScrapperDevDotTo.ts": {"path":"/Users/BenRombaut/dev/article_scraper/src/SiteScrapperDevDotTo.ts","statementMap":{"0":{"start":{"line":3,"column":0},"end":{"line":3,"column":46}},"1":{"start":{"line":5,"column":0},"end":{"line":5,"column":null}},"2":{"start":{"line":5,"column":35},"end":{"line":5,"column":47}},"3":{"start":{"line":7,"column":12},"end":{"line":16,"column":null}},"4":{"start":{"line":8,"column":18},"end":{"line":8,"column":34}},"5":{"start":{"line":9,"column":4},"end":{"line":15,"column":null}},"6":{"start":{"line":10,"column":20},"end":{"line":10,"column":60}},"7":{"start":{"line":11,"column":6},"end":{"line":11,"column":38}},"8":{"start":{"line":13,"column":22},"end":{"line":13,"column":85}},"9":{"start":{"line":14,"column":6},"end":{"line":14,"column":42}},"10":{"start":{"line":17,"column":12},"end":{"line":39,"column":null}},"11":{"start":{"line":18,"column":18},"end":{"line":18,"column":36}},"12":{"start":{"line":19,"column":4},"end":{"line":38,"column":null}},"13":{"start":{"line":20,"column":37},"end":{"line":20,"column":68}},"14":{"start":{"line":21,"column":23},"end":{"line":21,"column":25}},"15":{"start":{"line":22,"column":6},"end":{"line":30,"column":9}},"16":{"start":{"line":23,"column":26},"end":{"line":23,"column":51}},"17":{"start":{"line":24,"column":8},"end":{"line":26,"column":null}},"18":{"start":{"line":25,"column":10},"end":{"line":25,"column":17}},"19":{"start":{"line":27,"column":8},"end":{"line":29,"column":null}},"20":{"start":{"line":28,"column":11},"end":{"line":28,"column":25}},"21":{"start":{"line":31,"column":6},"end":{"line":33,"column":null}},"22":{"start":{"line":32,"column":8},"end":{"line":32,"column":26}},"23":{"start":{"line":34,"column":6},"end":{"line":34,"column":48}},"24":{"start":{"line":36,"column":22},"end":{"line":36,"column":90}},"25":{"start":{"line":37,"column":6},"end":{"line":37,"column":42}},"26":{"start":{"line":40,"column":12},"end":{"line":42,"column":null}},"27":{"start":{"line":41,"column":4},"end":{"line":41,"column":47}},"28":{"start":{"line":43,"column":0},"end":{"line":43,"column":null}},"29":{"start":{"line":45,"column":8},"end":{"line":45,"column":28}}},"fnMap":{"0":{"name":"(anonymous_6)","decl":{"start":{"line":5,"column":0},"end":{"line":5,"column":35}},"loc":{"start":{"line":5,"column":0},"end":{"line":43,"column":null}}},"1":{"name":"(anonymous_8)","decl":{"start":{"line":7,"column":2},"end":{"line":7,"column":12}},"loc":{"start":{"line":7,"column":2},"end":{"line":16,"column":3}}},"2":{"name":"(anonymous_9)","decl":{"start":{"line":17,"column":2},"end":{"line":17,"column":12}},"loc":{"start":{"line":17,"column":2},"end":{"line":39,"column":3}}},"3":{"name":"(anonymous_10)","decl":{"start":{"line":22,"column":22},"end":{"line":22,"column":23}},"loc":{"start":{"line":22,"column":42},"end":{"line":30,"column":7}}},"4":{"name":"(anonymous_11)","decl":{"start":{"line":40,"column":2},"end":{"line":40,"column":12}},"loc":{"start":{"line":40,"column":2},"end":{"line":42,"column":3}}}},"branchMap":{"0":{"loc":{"start":{"line":24,"column":8},"end":{"line":26,"column":null}},"type":"if","locations":[{"start":{"line":24,"column":8},"end":{"line":26,"column":null}},{"start":{"line":24,"column":8},"end":{"line":26,"column":null}}]},"1":{"loc":{"start":{"line":27,"column":8},"end":{"line":29,"column":null}},"type":"if","locations":[{"start":{"line":27,"column":8},"end":{"line":29,"column":null}},{"start":{"line":27,"column":8},"end":{"line":29,"column":null}}]},"2":{"loc":{"start":{"line":28,"column":26},"end":{"line":28,"column":54}},"type":"binary-expr","locations":[{"start":{"line":28,"column":26},"end":{"line":28,"column":54}},{"start":{"line":28,"column":58},"end":{"line":28,"column":63}}]},"3":{"loc":{"start":{"line":31,"column":6},"end":{"line":33,"column":null}},"type":"if","locations":[{"start":{"line":31,"column":6},"end":{"line":33,"column":null}},{"start":{"line":31,"column":6},"end":{"line":33,"column":null}}]}},"s":{"0":1,"1":1,"2":1,"3":1,"4":2,"5":2,"6":2,"7":1,"8":1,"9":1,"10":1,"11":2,"12":2,"13":2,"14":2,"15":2,"16":2,"17":2,"18":1,"19":1,"20":1,"21":2,"22":1,"23":1,"24":1,"25":1,"26":1,"27":0,"28":1,"29":1},"f":{"0":3,"1":2,"2":2,"3":2,"4":0},"b":{"0":[1,1],"1":[1,0],"2":[1,0],"3":[1,1]}}
}
