TN:
SF:src/RequestMaker.ts
FN:3,(anonymous_20)
FN:5,RequestMaker
FN:10,(anonymous_22)
FN:11,(anonymous_24)
FN:15,(anonymous_27)
FN:20,(anonymous_28)
FN:42,RequestMakerHardCoded
FN:45,(anonymous_30)
FN:47,(anonymous_33)
FNF:9
FNH:9
FNDA:2,(anonymous_20)
FNDA:6,RequestMaker
FNDA:6,(anonymous_22)
FNDA:4,(anonymous_24)
FNDA:6,(anonymous_27)
FNDA:2,(anonymous_28)
FNDA:2,RequestMakerHardCoded
FNDA:2,(anonymous_30)
FNDA:2,(anonymous_33)
DA:1,2
DA:3,2
DA:4,6
DA:5,6
DA:8,2
DA:10,2
DA:11,2
DA:12,4
DA:13,4
DA:15,2
DA:16,6
DA:18,2
DA:20,2
DA:21,2
DA:43,2
DA:45,2
DA:47,2
DA:48,2
DA:50,2
DA:52,2
LF:20
LH:20
BRDA:12,0,0,4
BRDA:43,1,0,2
BRDA:43,1,1,2
BRF:3
BRH:3
end_of_record
TN:
SF:src/ScrappedArticleData.ts
FN:9,(anonymous_0)
FN:16,ScrappedArticleData
FN:24,(anonymous_2)
FN:28,(anonymous_3)
FNF:4
FNH:4
FNDA:1,(anonymous_0)
FNDA:2,ScrappedArticleData
FNDA:3,(anonymous_2)
FNDA:2,(anonymous_3)
DA:9,1
DA:17,2
DA:18,2
DA:19,2
DA:20,2
DA:21,2
DA:24,1
DA:25,3
DA:28,1
DA:29,2
DA:31,1
DA:33,1
LF:12
LH:12
BRF:0
BRH:0
end_of_record
TN:
SF:src/SiteScrapper.ts
FN:6,(anonymous_13)
FN:9,SiteScrapper
FN:14,(anonymous_15)
FN:21,(anonymous_18)
FN:25,(anonymous_19)
FN:29,(anonymous_22)
FN:38,(anonymous_23)
FNF:7
FNH:7
FNDA:1,(anonymous_13)
FNDA:2,SiteScrapper
FNDA:2,(anonymous_15)
FNDA:5,(anonymous_18)
FNDA:2,(anonymous_19)
FNDA:2,(anonymous_22)
FNDA:2,(anonymous_23)
DA:2,1
DA:3,1
DA:6,1
DA:10,2
DA:11,2
DA:14,1
DA:15,4
DA:16,2
DA:17,2
DA:21,1
DA:22,5
DA:25,1
DA:26,4
DA:29,1
DA:30,2
DA:31,2
DA:32,2
DA:33,1
DA:35,1
DA:38,1
DA:39,2
DA:40,2
DA:41,2
DA:42,0
DA:44,2
DA:50,1
DA:52,1
LF:27
LH:26
BRDA:15,0,0,2
BRDA:26,1,0,2
BRDA:32,2,0,1
BRDA:32,2,1,1
BRDA:41,3,0,0
BRDA:41,3,1,2
BRF:6
BRH:5
end_of_record
TN:
SF:src/SiteScrapperDevDotTo.ts
FN:5,(anonymous_6)
FN:7,(anonymous_8)
FN:17,(anonymous_9)
FN:22,(anonymous_10)
FN:40,(anonymous_11)
FNF:5
FNH:4
FNDA:3,(anonymous_6)
FNDA:2,(anonymous_8)
FNDA:2,(anonymous_9)
FNDA:2,(anonymous_10)
FNDA:0,(anonymous_11)
DA:3,1
DA:5,1
DA:7,1
DA:8,2
DA:9,2
DA:10,2
DA:11,1
DA:13,1
DA:14,1
DA:17,1
DA:18,2
DA:19,2
DA:20,2
DA:21,2
DA:22,2
DA:23,2
DA:24,2
DA:25,1
DA:27,1
DA:28,1
DA:31,2
DA:32,1
DA:34,1
DA:36,1
DA:37,1
DA:40,1
DA:41,0
DA:43,1
DA:45,1
LF:29
LH:28
BRDA:24,0,0,1
BRDA:24,0,1,1
BRDA:27,1,0,1
BRDA:27,1,1,0
BRDA:28,2,0,1
BRDA:28,2,1,0
BRDA:31,3,0,1
BRDA:31,3,1,1
BRF:8
BRH:6
end_of_record
